2019-11-26T18:25:05+00:00 CRITICAL Uncaught Error: Call to a member function get() on null in C:\xampp\htdocs\wordpress\wp-content\plugins\wc-vendors\classes\front\dashboard\class-vendor-dashboard.php:239
Stack trace:
#0 C:\xampp\htdocs\wordpress\wp-includes\shortcodes.php(325): WCV_Vendor_Dashboard->display_vendor_products('', '', 'wcv_vendor_dash...')
#1 [internal function]: do_shortcode_tag(Array)
#2 C:\xampp\htdocs\wordpress\wp-includes\shortcodes.php(199): preg_replace_callback('/\\[(\\[?)(wcv_ve...', 'do_shortcode_ta...', '[wcv_vendor_das...')
#3 C:\xampp\htdocs\wordpress\wp-includes\class-wp-hook.php(288): do_shortcode('[wcv_vendor_das...')
#4 C:\xampp\htdocs\wordpress\wp-includes\plugin.php(206): WP_Hook->apply_filters('[wcv_vendor_das...', Array)
#5 C:\xampp\htdocs\wordpress\wp-includes\rest-api\endpoints\class-wp-rest-posts-controller.php(1550): apply_filters('the_content', '[wcv_vendor_das...')
#6 C:\xampp\htdocs\wordpress\wp-includes\rest-api\endpoints\class-wp-rest-posts-controller.php(758): WP_REST_Posts_Controller->prepare_item_ en C:\xampp\htdocs\wordpress\wp-content\plugins\wc-vendors\classes\front\dashboard\class-vendor-dashboard.php en la línea 239

2019-11-26T18:25:09+00:00 CRITICAL Uncaught Error: Call to a member function get() on null in C:\xampp\htdocs\wordpress\wp-content\plugins\wc-vendors\classes\front\dashboard\class-vendor-dashboard.php:239
Stack trace:
#0 C:\xampp\htdocs\wordpress\wp-includes\shortcodes.php(325): WCV_Vendor_Dashboard->display_vendor_products('', '', 'wcv_vendor_dash...')
#1 [internal function]: do_shortcode_tag(Array)
#2 C:\xampp\htdocs\wordpress\wp-includes\shortcodes.php(199): preg_replace_callback('/\\[(\\[?)(wcv_ve...', 'do_shortcode_ta...', '[wcv_vendor_das...')
#3 C:\xampp\htdocs\wordpress\wp-includes\class-wp-hook.php(288): do_shortcode('[wcv_vendor_das...')
#4 C:\xampp\htdocs\wordpress\wp-includes\plugin.php(206): WP_Hook->apply_filters('[wcv_vendor_das...', Array)
#5 C:\xampp\htdocs\wordpress\wp-includes\rest-api\endpoints\class-wp-rest-posts-controller.php(1550): apply_filters('the_content', '[wcv_vendor_das...')
#6 C:\xampp\htdocs\wordpress\wp-includes\rest-api\endpoints\class-wp-rest-posts-controller.php(758): WP_REST_Posts_Controller->prepare_item_ en C:\xampp\htdocs\wordpress\wp-content\plugins\wc-vendors\classes\front\dashboard\class-vendor-dashboard.php en la línea 239

2019-11-26T18:25:13+00:00 CRITICAL Uncaught Error: Call to a member function get() on null in C:\xampp\htdocs\wordpress\wp-content\plugins\wc-vendors\classes\front\dashboard\class-vendor-dashboard.php:239
Stack trace:
#0 C:\xampp\htdocs\wordpress\wp-includes\shortcodes.php(325): WCV_Vendor_Dashboard->display_vendor_products('', '', 'wcv_vendor_dash...')
#1 [internal function]: do_shortcode_tag(Array)
#2 C:\xampp\htdocs\wordpress\wp-includes\shortcodes.php(199): preg_replace_callback('/\\[(\\[?)(wcv_ve...', 'do_shortcode_ta...', '[wcv_vendor_das...')
#3 C:\xampp\htdocs\wordpress\wp-includes\class-wp-hook.php(288): do_shortcode('[wcv_vendor_das...')
#4 C:\xampp\htdocs\wordpress\wp-includes\plugin.php(206): WP_Hook->apply_filters('[wcv_vendor_das...', Array)
#5 C:\xampp\htdocs\wordpress\wp-includes\rest-api\endpoints\class-wp-rest-posts-controller.php(1550): apply_filters('the_content', '[wcv_vendor_das...')
#6 C:\xampp\htdocs\wordpress\wp-includes\rest-api\endpoints\class-wp-rest-posts-controller.php(758): WP_REST_Posts_Controller->prepare_item_ en C:\xampp\htdocs\wordpress\wp-content\plugins\wc-vendors\classes\front\dashboard\class-vendor-dashboard.php en la línea 239

2019-11-26T18:26:07+00:00 CRITICAL Uncaught Error: Call to a member function get() on null in C:\xampp\htdocs\wordpress\wp-content\plugins\wc-vendors\classes\front\dashboard\class-vendor-dashboard.php:239
Stack trace:
#0 C:\xampp\htdocs\wordpress\wp-includes\shortcodes.php(325): WCV_Vendor_Dashboard->display_vendor_products('', '', 'wcv_vendor_dash...')
#1 [internal function]: do_shortcode_tag(Array)
#2 C:\xampp\htdocs\wordpress\wp-includes\shortcodes.php(199): preg_replace_callback('/\\[(\\[?)(wcv_ve...', 'do_shortcode_ta...', '[wcv_vendor_das...')
#3 C:\xampp\htdocs\wordpress\wp-includes\class-wp-hook.php(288): do_shortcode('[wcv_vendor_das...')
#4 C:\xampp\htdocs\wordpress\wp-includes\plugin.php(206): WP_Hook->apply_filters('[wcv_vendor_das...', Array)
#5 C:\xampp\htdocs\wordpress\wp-includes\rest-api\endpoints\class-wp-rest-posts-controller.php(1550): apply_filters('the_content', '[wcv_vendor_das...')
#6 C:\xampp\htdocs\wordpress\wp-includes\rest-api\endpoints\class-wp-rest-posts-controller.php(758): WP_REST_Posts_Controller->prepare_item_ en C:\xampp\htdocs\wordpress\wp-content\plugins\wc-vendors\classes\front\dashboard\class-vendor-dashboard.php en la línea 239

2019-11-26T18:26:22+00:00 CRITICAL Uncaught Error: Call to a member function get() on null in C:\xampp\htdocs\wordpress\wp-content\plugins\wc-vendors\classes\front\dashboard\class-vendor-dashboard.php:239
Stack trace:
#0 C:\xampp\htdocs\wordpress\wp-includes\shortcodes.php(325): WCV_Vendor_Dashboard->display_vendor_products('', '', 'wcv_vendor_dash...')
#1 [internal function]: do_shortcode_tag(Array)
#2 C:\xampp\htdocs\wordpress\wp-includes\shortcodes.php(199): preg_replace_callback('/\\[(\\[?)(wcv_ve...', 'do_shortcode_ta...', '[wcv_vendor_das...')
#3 C:\xampp\htdocs\wordpress\wp-includes\class-wp-hook.php(288): do_shortcode('[wcv_vendor_das...')
#4 C:\xampp\htdocs\wordpress\wp-includes\plugin.php(206): WP_Hook->apply_filters('[wcv_vendor_das...', Array)
#5 C:\xampp\htdocs\wordpress\wp-includes\rest-api\endpoints\class-wp-rest-posts-controller.php(1550): apply_filters('the_content', '[wcv_vendor_das...')
#6 C:\xampp\htdocs\wordpress\wp-includes\rest-api\endpoints\class-wp-rest-posts-controller.php(758): WP_REST_Posts_Controller->prepare_item_ en C:\xampp\htdocs\wordpress\wp-content\plugins\wc-vendors\classes\front\dashboard\class-vendor-dashboard.php en la línea 239

2019-11-26T18:27:25+00:00 CRITICAL Uncaught Error: Call to a member function get() on null in C:\xampp\htdocs\wordpress\wp-content\plugins\wc-vendors\classes\front\dashboard\class-vendor-dashboard.php:239
Stack trace:
#0 C:\xampp\htdocs\wordpress\wp-includes\shortcodes.php(325): WCV_Vendor_Dashboard->display_vendor_products('', '', 'wcv_vendor_dash...')
#1 [internal function]: do_shortcode_tag(Array)
#2 C:\xampp\htdocs\wordpress\wp-includes\shortcodes.php(199): preg_replace_callback('/\\[(\\[?)(wcv_ve...', 'do_shortcode_ta...', '[wcv_vendor_das...')
#3 C:\xampp\htdocs\wordpress\wp-includes\class-wp-hook.php(288): do_shortcode('[wcv_vendor_das...')
#4 C:\xampp\htdocs\wordpress\wp-includes\plugin.php(206): WP_Hook->apply_filters('[wcv_vendor_das...', Array)
#5 C:\xampp\htdocs\wordpress\wp-includes\rest-api\endpoints\class-wp-rest-revisions-controller.php(559): apply_filters('the_content', '[wcv_vendor_das...')
#6 C:\xampp\htdocs\wordpress\wp-includes\rest-api\endpoints\class-wp-rest-autosaves-controller.php(386): WP_REST_Revisions_Controller->pr en C:\xampp\htdocs\wordpress\wp-content\plugins\wc-vendors\classes\front\dashboard\class-vendor-dashboard.php en la línea 239

2019-11-26T18:32:27+00:00 CRITICAL Uncaught Error: Call to a member function get() on null in C:\xampp\htdocs\wordpress\wp-content\plugins\wc-vendors\classes\front\dashboard\class-vendor-dashboard.php:239
Stack trace:
#0 C:\xampp\htdocs\wordpress\wp-includes\shortcodes.php(325): WCV_Vendor_Dashboard->display_vendor_products('', '', 'wcv_vendor_dash...')
#1 [internal function]: do_shortcode_tag(Array)
#2 C:\xampp\htdocs\wordpress\wp-includes\shortcodes.php(199): preg_replace_callback('/\\[(\\[?)(wcv_ve...', 'do_shortcode_ta...', '[wcv_vendor_das...')
#3 C:\xampp\htdocs\wordpress\wp-includes\class-wp-hook.php(288): do_shortcode('[wcv_vendor_das...')
#4 C:\xampp\htdocs\wordpress\wp-includes\plugin.php(206): WP_Hook->apply_filters('[wcv_vendor_das...', Array)
#5 C:\xampp\htdocs\wordpress\wp-includes\rest-api\endpoints\class-wp-rest-posts-controller.php(1550): apply_filters('the_content', '[wcv_vendor_das...')
#6 C:\xampp\htdocs\wordpress\wp-includes\rest-api\endpoints\class-wp-rest-posts-controller.php(758): WP_REST_Posts_Controller->prepare_item_ en C:\xampp\htdocs\wordpress\wp-content\plugins\wc-vendors\classes\front\dashboard\class-vendor-dashboard.php en la línea 239

2019-11-26T18:37:30+00:00 CRITICAL Uncaught Error: Call to a member function get() on null in C:\xampp\htdocs\wordpress\wp-content\plugins\wc-vendors\classes\front\dashboard\class-vendor-dashboard.php:239
Stack trace:
#0 C:\xampp\htdocs\wordpress\wp-includes\shortcodes.php(325): WCV_Vendor_Dashboard->display_vendor_products('', '', 'wcv_vendor_dash...')
#1 [internal function]: do_shortcode_tag(Array)
#2 C:\xampp\htdocs\wordpress\wp-includes\shortcodes.php(199): preg_replace_callback('/\\[(\\[?)(wcv_ve...', 'do_shortcode_ta...', '[wcv_vendor_das...')
#3 C:\xampp\htdocs\wordpress\wp-includes\class-wp-hook.php(288): do_shortcode('[wcv_vendor_das...')
#4 C:\xampp\htdocs\wordpress\wp-includes\plugin.php(206): WP_Hook->apply_filters('[wcv_vendor_das...', Array)
#5 C:\xampp\htdocs\wordpress\wp-includes\rest-api\endpoints\class-wp-rest-posts-controller.php(1550): apply_filters('the_content', '[wcv_vendor_das...')
#6 C:\xampp\htdocs\wordpress\wp-includes\rest-api\endpoints\class-wp-rest-posts-controller.php(758): WP_REST_Posts_Controller->prepare_item_ en C:\xampp\htdocs\wordpress\wp-content\plugins\wc-vendors\classes\front\dashboard\class-vendor-dashboard.php en la línea 239

2019-11-26T18:38:05+00:00 CRITICAL Uncaught Error: Call to a member function get() on null in C:\xampp\htdocs\wordpress\wp-content\plugins\wc-vendors\classes\front\dashboard\class-vendor-dashboard.php:239
Stack trace:
#0 C:\xampp\htdocs\wordpress\wp-includes\shortcodes.php(325): WCV_Vendor_Dashboard->display_vendor_products('', '', 'wcv_vendor_dash...')
#1 [internal function]: do_shortcode_tag(Array)
#2 C:\xampp\htdocs\wordpress\wp-includes\shortcodes.php(199): preg_replace_callback('/\\[(\\[?)(wcv_ve...', 'do_shortcode_ta...', '[wcv_vendor_das...')
#3 C:\xampp\htdocs\wordpress\wp-includes\class-wp-hook.php(288): do_shortcode('[wcv_vendor_das...')
#4 C:\xampp\htdocs\wordpress\wp-includes\plugin.php(206): WP_Hook->apply_filters('[wcv_vendor_das...', Array)
#5 C:\xampp\htdocs\wordpress\wp-includes\rest-api\endpoints\class-wp-rest-posts-controller.php(1550): apply_filters('the_content', '[wcv_vendor_das...')
#6 C:\xampp\htdocs\wordpress\wp-includes\rest-api\endpoints\class-wp-rest-posts-controller.php(758): WP_REST_Posts_Controller->prepare_item_ en C:\xampp\htdocs\wordpress\wp-content\plugins\wc-vendors\classes\front\dashboard\class-vendor-dashboard.php en la línea 239

2019-11-26T19:32:07+00:00 CRITICAL Uncaught Error: Call to a member function get() on null in C:\xampp\htdocs\wordpress\wp-content\plugins\wc-vendors\classes\front\dashboard\class-vendor-dashboard.php:239
Stack trace:
#0 C:\xampp\htdocs\wordpress\wp-includes\shortcodes.php(325): WCV_Vendor_Dashboard->display_vendor_products('', '', 'wcv_vendor_dash...')
#1 [internal function]: do_shortcode_tag(Array)
#2 C:\xampp\htdocs\wordpress\wp-includes\shortcodes.php(199): preg_replace_callback('/\\[(\\[?)(wcv_ve...', 'do_shortcode_ta...', '<p>[wcv_vendor_...')
#3 C:\xampp\htdocs\wordpress\wp-includes\class-wp-hook.php(288): do_shortcode('<p>[wcv_vendor_...')
#4 C:\xampp\htdocs\wordpress\wp-includes\plugin.php(206): WP_Hook->apply_filters('<p>[wcv_vendor_...', Array)
#5 C:\xampp\htdocs\wordpress\wp-includes\rest-api\endpoints\class-wp-rest-posts-controller.php(1550): apply_filters('the_content', '[wcv_vendor_das...')
#6 C:\xampp\htdocs\wordpress\wp-includes\rest-api\endpoints\class-wp-rest-posts-controller.php(312): WP_REST_Posts_Controller->prepare_item_ en C:\xampp\htdocs\wordpress\wp-content\plugins\wc-vendors\classes\front\dashboard\class-vendor-dashboard.php en la línea 239

